{"C:\\Users\\10823870\\OneDrive - LTIMindtree\\Desktop\\copynative\\components\\ui\\MyButton.js": {"path":"C:\\Users\\10823870\\OneDrive - LTIMindtree\\Desktop\\copynative\\components\\ui\\MyButton.js","statementMap":{"0":{"start":{"line":6,"column":2},"end":{"line":13,"column":4}}},"fnMap":{"0":{"name":"MyButton","decl":{"start":{"line":5,"column":24},"end":{"line":5,"column":32}},"loc":{"start":{"line":5,"column":53},"end":{"line":14,"column":1}},"line":5}},"branchMap":{},"s":{"0":1},"f":{"0":1},"b":{},"_coverageSchema":"1a1c01bbd47fc00a2c39e90264f33305004495a9","hash":"ff6e3b8c25445323f122c512ddf7be6df0b338c4"}
,"C:\\Users\\10823870\\OneDrive - LTIMindtree\\Desktop\\copynative\\components\\ui\\MyTextInput.js": {"path":"C:\\Users\\10823870\\OneDrive - LTIMindtree\\Desktop\\copynative\\components\\ui\\MyTextInput.js","statementMap":{"0":{"start":{"line":4,"column":20},"end":{"line":15,"column":1}},"1":{"start":{"line":5,"column":2},"end":{"line":14,"column":3}},"2":{"start":{"line":17,"column":15},"end":{"line":33,"column":4}}},"fnMap":{"0":{"name":"(anonymous_0)","decl":{"start":{"line":4,"column":20},"end":{"line":4,"column":21}},"loc":{"start":{"line":4,"column":60},"end":{"line":15,"column":1}},"line":4}},"branchMap":{},"s":{"0":1,"1":1,"2":1},"f":{"0":1},"b":{},"_coverageSchema":"1a1c01bbd47fc00a2c39e90264f33305004495a9","hash":"fb0a0cf1bf5ffbe11d24337e4a4c44ff93575e8c"}
}
